[05-May-2017 08:49:19 UTC] PHP Warning:  require_once(/home/ubuntu/workspace/tfg/public/Clients/../lib/controller/ClientController.php): failed to open stream: No such file or directory in /home/ubuntu/workspace/tfg/public/Clients/index.php on line 6
[05-May-2017 08:49:19 UTC] PHP Stack trace:
[05-May-2017 08:49:19 UTC] PHP   1. {main}() /home/ubuntu/workspace/tfg/public/Clients/index.php:0
[05-May-2017 08:49:19 UTC] PHP Fatal error:  require_once(): Failed opening required '/home/ubuntu/workspace/tfg/public/Clients/../lib/controller/ClientController.php' (include_path='.:/usr/share/php:/usr/share/pear') in /home/ubuntu/workspace/tfg/public/Clients/index.php on line 6
[05-May-2017 08:49:19 UTC] PHP Stack trace:
[05-May-2017 08:49:19 UTC] PHP   1. {main}() /home/ubuntu/workspace/tfg/public/Clients/index.php:0
[05-May-2017 08:53:55 UTC] PHP Warning:  require_once(/home/ubuntu/workspace/tfg/public/Clients/../../../lib/controller/ClientController.php): failed to open stream: No such file or directory in /home/ubuntu/workspace/tfg/public/Clients/index.php on line 6
[05-May-2017 08:53:55 UTC] PHP Stack trace:
[05-May-2017 08:53:55 UTC] PHP   1. {main}() /home/ubuntu/workspace/tfg/public/Clients/index.php:0
[05-May-2017 08:53:55 UTC] PHP Fatal error:  require_once(): Failed opening required '/home/ubuntu/workspace/tfg/public/Clients/../../../lib/controller/ClientController.php' (include_path='.:/usr/share/php:/usr/share/pear') in /home/ubuntu/workspace/tfg/public/Clients/index.php on line 6
[05-May-2017 08:53:55 UTC] PHP Stack trace:
[05-May-2017 08:53:55 UTC] PHP   1. {main}() /home/ubuntu/workspace/tfg/public/Clients/index.php:0
[05-May-2017 08:55:09 UTC] PHP Fatal error:  Call to undefined method Client::getBand() in /home/ubuntu/workspace/tfg/public/Clients/detail.php on line 48
[05-May-2017 08:55:09 UTC] PHP Stack trace:
[05-May-2017 08:55:09 UTC] PHP   1. {main}() /home/ubuntu/workspace/tfg/public/Clients/detail.php:0
[05-May-2017 08:55:53 UTC] PHP Parse error:  syntax error, unexpected '$details' (T_VARIABLE), expecting ',' or ';' in /home/ubuntu/workspace/tfg/public/Clients/detail.php on line 37
[05-May-2017 08:56:20 UTC] PHP Fatal error:  Call to undefined method Client::getBand() in /home/ubuntu/workspace/tfg/public/Clients/detail.php on line 48
[05-May-2017 08:56:20 UTC] PHP Stack trace:
[05-May-2017 08:56:20 UTC] PHP   1. {main}() /home/ubuntu/workspace/tfg/public/Clients/detail.php:0
[05-May-2017 08:57:14 UTC] PHP Fatal error:  Call to undefined method Client::getBand() in /home/ubuntu/workspace/tfg/public/Clients/detail.php on line 48
[05-May-2017 08:57:14 UTC] PHP Stack trace:
[05-May-2017 08:57:14 UTC] PHP   1. {main}() /home/ubuntu/workspace/tfg/public/Clients/detail.php:0
[05-May-2017 16:54:50 UTC] PHP Fatal error:  Call to undefined method ClientController::generateDetails() in /home/ubuntu/workspace/tfg/public/Clients/update.php on line 7
[05-May-2017 16:54:50 UTC] PHP Stack trace:
[05-May-2017 16:54:50 UTC] PHP   1. {main}() /home/ubuntu/workspace/tfg/public/Clients/update.php:0
[05-May-2017 16:56:06 UTC] PHP Fatal error:  Call to a member function getName() on a non-object in /home/ubuntu/workspace/tfg/public/Clients/update.php on line 23
[05-May-2017 16:56:06 UTC] PHP Stack trace:
[05-May-2017 16:56:06 UTC] PHP   1. {main}() /home/ubuntu/workspace/tfg/public/Clients/update.php:0
[05-May-2017 16:57:11 UTC] PHP Fatal error:  Call to a member function getName() on a non-object in /home/ubuntu/workspace/tfg/public/Clients/update.php on line 23
[05-May-2017 16:57:11 UTC] PHP Stack trace:
[05-May-2017 16:57:11 UTC] PHP   1. {main}() /home/ubuntu/workspace/tfg/public/Clients/update.php:0
[05-May-2017 16:57:25 UTC] PHP Fatal error:  Call to a member function getName() on a non-object in /home/ubuntu/workspace/tfg/public/Clients/update.php on line 23
[05-May-2017 16:57:25 UTC] PHP Stack trace:
[05-May-2017 16:57:25 UTC] PHP   1. {main}() /home/ubuntu/workspace/tfg/public/Clients/update.php:0
[05-May-2017 16:58:10 UTC] PHP Fatal error:  Call to a member function getName() on a non-object in /home/ubuntu/workspace/tfg/public/Clients/update.php on line 23
[05-May-2017 16:58:10 UTC] PHP Stack trace:
[05-May-2017 16:58:10 UTC] PHP   1. {main}() /home/ubuntu/workspace/tfg/public/Clients/update.php:0
[05-May-2017 16:58:12 UTC] PHP Fatal error:  Call to a member function getName() on a non-object in /home/ubuntu/workspace/tfg/public/Clients/update.php on line 23
[05-May-2017 16:58:12 UTC] PHP Stack trace:
[05-May-2017 16:58:12 UTC] PHP   1. {main}() /home/ubuntu/workspace/tfg/public/Clients/update.php:0
[05-May-2017 17:00:32 UTC] PHP Catchable fatal error:  Object of class Client could not be converted to string in /home/ubuntu/workspace/tfg/public/Clients/update.php on line 9
[05-May-2017 17:00:32 UTC] PHP Stack trace:
[05-May-2017 17:00:32 UTC] PHP   1. {main}() /home/ubuntu/workspace/tfg/public/Clients/update.php:0
[05-May-2017 17:08:35 UTC] PHP Fatal error:  Call to a member function getName() on a non-object in /home/ubuntu/workspace/tfg/public/Clients/update.php on line 26
[05-May-2017 17:08:35 UTC] PHP Stack trace:
[05-May-2017 17:08:35 UTC] PHP   1. {main}() /home/ubuntu/workspace/tfg/public/Clients/update.php:0
[05-May-2017 17:09:22 UTC] PHP Fatal error:  Call to a member function getName() on a non-object in /home/ubuntu/workspace/tfg/public/Clients/update.php on line 27
[05-May-2017 17:09:22 UTC] PHP Stack trace:
[05-May-2017 17:09:22 UTC] PHP   1. {main}() /home/ubuntu/workspace/tfg/public/Clients/update.php:0
[05-May-2017 17:09:49 UTC] PHP Fatal error:  Call to a member function getSurname() on a non-object in /home/ubuntu/workspace/tfg/public/Clients/update.php on line 28
[05-May-2017 17:09:49 UTC] PHP Stack trace:
[05-May-2017 17:09:49 UTC] PHP   1. {main}() /home/ubuntu/workspace/tfg/public/Clients/update.php:0
[05-May-2017 17:10:08 UTC] PHP Fatal error:  Call to a member function getId() on a non-object in /home/ubuntu/workspace/tfg/public/Clients/update.php on line 33
[05-May-2017 17:10:08 UTC] PHP Stack trace:
[05-May-2017 17:10:08 UTC] PHP   1. {main}() /home/ubuntu/workspace/tfg/public/Clients/update.php:0
[05-May-2017 17:11:04 UTC] PHP Fatal error:  Call to undefined method Client::getBrand() in /home/ubuntu/workspace/tfg/public/Clients/update.php on line 37
[05-May-2017 17:11:04 UTC] PHP Stack trace:
[05-May-2017 17:11:04 UTC] PHP   1. {main}() /home/ubuntu/workspace/tfg/public/Clients/update.php:0
[06-May-2017 14:23:08 UTC] PHP Parse error:  syntax error, unexpected end of file, expecting function (T_FUNCTION) in /home/ubuntu/workspace/tfg/lib/model/db/ClientsDb.php on line 140
[06-May-2017 14:23:08 UTC] PHP Stack trace:
[06-May-2017 14:23:08 UTC] PHP   1. {main}() /home/ubuntu/workspace/tfg/public/Clients/index.php:0
[06-May-2017 14:23:08 UTC] PHP   2. require_once() /home/ubuntu/workspace/tfg/public/Clients/index.php:6
[06-May-2017 14:23:56 UTC] PHP Parse error:  syntax error, unexpected end of file, expecting function (T_FUNCTION) in /home/ubuntu/workspace/tfg/lib/model/db/ProductsDb.php on line 138
[06-May-2017 14:23:56 UTC] PHP Stack trace:
[06-May-2017 14:23:56 UTC] PHP   1. {main}() /home/ubuntu/workspace/tfg/public/Products/index.php:0
[06-May-2017 14:23:56 UTC] PHP   2. require_once() /home/ubuntu/workspace/tfg/public/Products/index.php:6
[06-May-2017 14:24:18 UTC] PHP Warning:  mysqli_num_rows() expects parameter 1 to be mysqli_result, boolean given in /home/ubuntu/workspace/tfg/lib/model/db/ProductsDb.php on line 32
[06-May-2017 14:24:18 UTC] PHP Stack trace:
[06-May-2017 14:24:18 UTC] PHP   1. {main}() /home/ubuntu/workspace/tfg/public/Products/index.php:0
[06-May-2017 14:24:18 UTC] PHP   2. ProductController->getProducts() /home/ubuntu/workspace/tfg/public/Products/index.php:10
[06-May-2017 14:24:18 UTC] PHP   3. ProductDb->getDb() /home/ubuntu/workspace/tfg/lib/controller/ProductController.php:19
[06-May-2017 14:24:18 UTC] PHP   4. mysqli_num_rows() /home/ubuntu/workspace/tfg/lib/model/db/ProductsDb.php:32
[06-May-2017 14:31:17 UTC] PHP Warning:  mysqli_num_rows() expects parameter 1 to be mysqli_result, boolean given in /home/ubuntu/workspace/tfg/lib/model/db/ProductsDb.php on line 32
[06-May-2017 14:31:17 UTC] PHP Stack trace:
[06-May-2017 14:31:17 UTC] PHP   1. {main}() /home/ubuntu/workspace/tfg/public/Products/index.php:0
[06-May-2017 14:31:17 UTC] PHP   2. ProductController->getProducts() /home/ubuntu/workspace/tfg/public/Products/index.php:10
[06-May-2017 14:31:17 UTC] PHP   3. ProductDb->getDb() /home/ubuntu/workspace/tfg/lib/controller/ProductController.php:19
[06-May-2017 14:31:17 UTC] PHP   4. mysqli_num_rows() /home/ubuntu/workspace/tfg/lib/model/db/ProductsDb.php:32
[06-May-2017 14:32:48 UTC] PHP Warning:  mysqli_num_rows() expects parameter 1 to be mysqli_result, boolean given in /home/ubuntu/workspace/tfg/lib/model/db/ProductsDb.php on line 32
[06-May-2017 14:32:48 UTC] PHP Stack trace:
[06-May-2017 14:32:48 UTC] PHP   1. {main}() /home/ubuntu/workspace/tfg/public/Products/index.php:0
[06-May-2017 14:32:48 UTC] PHP   2. ProductController->getProducts() /home/ubuntu/workspace/tfg/public/Products/index.php:10
[06-May-2017 14:32:48 UTC] PHP   3. ProductDb->getDb() /home/ubuntu/workspace/tfg/lib/controller/ProductController.php:19
[06-May-2017 14:32:48 UTC] PHP   4. mysqli_num_rows() /home/ubuntu/workspace/tfg/lib/model/db/ProductsDb.php:32
[06-May-2017 14:38:13 UTC] PHP Warning:  mysqli_num_rows() expects parameter 1 to be mysqli_result, boolean given in /home/ubuntu/workspace/tfg/lib/model/db/ProductsDb.php on line 32
[06-May-2017 14:38:13 UTC] PHP Stack trace:
[06-May-2017 14:38:13 UTC] PHP   1. {main}() /home/ubuntu/workspace/tfg/public/Products/index.php:0
[06-May-2017 14:38:13 UTC] PHP   2. ProductController->getProducts() /home/ubuntu/workspace/tfg/public/Products/index.php:10
[06-May-2017 14:38:13 UTC] PHP   3. ProductDb->getDb() /home/ubuntu/workspace/tfg/lib/controller/ProductController.php:19
[06-May-2017 14:38:13 UTC] PHP   4. mysqli_num_rows() /home/ubuntu/workspace/tfg/lib/model/db/ProductsDb.php:32
[06-May-2017 14:39:29 UTC] PHP Warning:  mysqli_num_rows() expects parameter 1 to be mysqli_result, boolean given in /home/ubuntu/workspace/tfg/lib/model/db/ProductsDb.php on line 32
[06-May-2017 14:39:29 UTC] PHP Stack trace:
[06-May-2017 14:39:29 UTC] PHP   1. {main}() /home/ubuntu/workspace/tfg/public/Products/index.php:0
[06-May-2017 14:39:29 UTC] PHP   2. ProductController->getProducts() /home/ubuntu/workspace/tfg/public/Products/index.php:10
[06-May-2017 14:39:29 UTC] PHP   3. ProductDb->getDb() /home/ubuntu/workspace/tfg/lib/controller/ProductController.php:19
[06-May-2017 14:39:29 UTC] PHP   4. mysqli_num_rows() /home/ubuntu/workspace/tfg/lib/model/db/ProductsDb.php:32
[06-May-2017 14:39:39 UTC] PHP Warning:  mysqli_num_rows() expects parameter 1 to be mysqli_result, boolean given in /home/ubuntu/workspace/tfg/lib/model/db/ProductsDb.php on line 32
[06-May-2017 14:39:39 UTC] PHP Stack trace:
[06-May-2017 14:39:39 UTC] PHP   1. {main}() /home/ubuntu/workspace/tfg/public/Products/index.php:0
[06-May-2017 14:39:39 UTC] PHP   2. ProductController->getProducts() /home/ubuntu/workspace/tfg/public/Products/index.php:10
[06-May-2017 14:39:39 UTC] PHP   3. ProductDb->getDb() /home/ubuntu/workspace/tfg/lib/controller/ProductController.php:19
[06-May-2017 14:39:39 UTC] PHP   4. mysqli_num_rows() /home/ubuntu/workspace/tfg/lib/model/db/ProductsDb.php:32
[06-May-2017 14:40:09 UTC] PHP Warning:  mysqli_num_rows() expects parameter 1 to be mysqli_result, boolean given in /home/ubuntu/workspace/tfg/lib/model/db/ProductsDb.php on line 32
[06-May-2017 14:40:09 UTC] PHP Stack trace:
[06-May-2017 14:40:09 UTC] PHP   1. {main}() /home/ubuntu/workspace/tfg/public/Products/index.php:0
[06-May-2017 14:40:09 UTC] PHP   2. ProductController->getProducts() /home/ubuntu/workspace/tfg/public/Products/index.php:10
[06-May-2017 14:40:09 UTC] PHP   3. ProductDb->getDb() /home/ubuntu/workspace/tfg/lib/controller/ProductController.php:19
[06-May-2017 14:40:09 UTC] PHP   4. mysqli_num_rows() /home/ubuntu/workspace/tfg/lib/model/db/ProductsDb.php:32
[06-May-2017 14:40:29 UTC] PHP Warning:  mysqli_num_rows() expects parameter 1 to be mysqli_result, boolean given in /home/ubuntu/workspace/tfg/lib/model/db/ProductsDb.php on line 32
[06-May-2017 14:40:29 UTC] PHP Stack trace:
[06-May-2017 14:40:29 UTC] PHP   1. {main}() /home/ubuntu/workspace/tfg/public/Products/index.php:0
[06-May-2017 14:40:29 UTC] PHP   2. ProductController->getProducts() /home/ubuntu/workspace/tfg/public/Products/index.php:10
[06-May-2017 14:40:29 UTC] PHP   3. ProductDb->getDb() /home/ubuntu/workspace/tfg/lib/controller/ProductController.php:19
[06-May-2017 14:40:29 UTC] PHP   4. mysqli_num_rows() /home/ubuntu/workspace/tfg/lib/model/db/ProductsDb.php:32
[06-May-2017 14:40:36 UTC] PHP Warning:  mysqli_num_rows() expects parameter 1 to be mysqli_result, boolean given in /home/ubuntu/workspace/tfg/lib/model/db/ProductsDb.php on line 32
[06-May-2017 14:40:36 UTC] PHP Stack trace:
[06-May-2017 14:40:36 UTC] PHP   1. {main}() /home/ubuntu/workspace/tfg/public/Products/index.php:0
[06-May-2017 14:40:36 UTC] PHP   2. ProductController->getProducts() /home/ubuntu/workspace/tfg/public/Products/index.php:10
[06-May-2017 14:40:36 UTC] PHP   3. ProductDb->getDb() /home/ubuntu/workspace/tfg/lib/controller/ProductController.php:19
[06-May-2017 14:40:36 UTC] PHP   4. mysqli_num_rows() /home/ubuntu/workspace/tfg/lib/model/db/ProductsDb.php:32
[06-May-2017 14:40:38 UTC] PHP Warning:  mysqli_num_rows() expects parameter 1 to be mysqli_result, boolean given in /home/ubuntu/workspace/tfg/lib/model/db/ProductsDb.php on line 32
[06-May-2017 14:40:38 UTC] PHP Stack trace:
[06-May-2017 14:40:38 UTC] PHP   1. {main}() /home/ubuntu/workspace/tfg/public/Products/index.php:0
[06-May-2017 14:40:38 UTC] PHP   2. ProductController->getProducts() /home/ubuntu/workspace/tfg/public/Products/index.php:10
[06-May-2017 14:40:38 UTC] PHP   3. ProductDb->getDb() /home/ubuntu/workspace/tfg/lib/controller/ProductController.php:19
[06-May-2017 14:40:38 UTC] PHP   4. mysqli_num_rows() /home/ubuntu/workspace/tfg/lib/model/db/ProductsDb.php:32
[06-May-2017 14:42:37 UTC] PHP Warning:  mysqli_num_rows() expects parameter 1 to be mysqli_result, boolean given in /home/ubuntu/workspace/tfg/lib/model/db/ProductsDb.php on line 32
[06-May-2017 14:42:37 UTC] PHP Stack trace:
[06-May-2017 14:42:37 UTC] PHP   1. {main}() /home/ubuntu/workspace/tfg/public/Products/index.php:0
[06-May-2017 14:42:37 UTC] PHP   2. ProductController->getProducts() /home/ubuntu/workspace/tfg/public/Products/index.php:10
[06-May-2017 14:42:37 UTC] PHP   3. ProductDb->getDb() /home/ubuntu/workspace/tfg/lib/controller/ProductController.php:19
[06-May-2017 14:42:37 UTC] PHP   4. mysqli_num_rows() /home/ubuntu/workspace/tfg/lib/model/db/ProductsDb.php:32
[07-May-2017 08:37:33 UTC] PHP Warning:  mysqli_num_rows() expects parameter 1 to be mysqli_result, boolean given in /home/ubuntu/workspace/tfg/lib/model/db/ProductsDb.php on line 32
[07-May-2017 08:37:33 UTC] PHP Stack trace:
[07-May-2017 08:37:33 UTC] PHP   1. {main}() /home/ubuntu/workspace/tfg/public/Products/index.php:0
[07-May-2017 08:37:33 UTC] PHP   2. ProductController->getProducts() /home/ubuntu/workspace/tfg/public/Products/index.php:10
[07-May-2017 08:37:33 UTC] PHP   3. ProductDb->getDb() /home/ubuntu/workspace/tfg/lib/controller/ProductController.php:19
[07-May-2017 08:37:33 UTC] PHP   4. mysqli_num_rows() /home/ubuntu/workspace/tfg/lib/model/db/ProductsDb.php:32
[07-May-2017 08:54:43 UTC] PHP Warning:  mysqli_error() expects parameter 1 to be mysqli, boolean given in /home/ubuntu/workspace/tfg/lib/model/db/ProductsDb.php on line 34
[07-May-2017 08:54:43 UTC] PHP Stack trace:
[07-May-2017 08:54:43 UTC] PHP   1. {main}() /home/ubuntu/workspace/tfg/public/Products/index.php:0
[07-May-2017 08:54:43 UTC] PHP   2. ProductController->getProducts() /home/ubuntu/workspace/tfg/public/Products/index.php:10
[07-May-2017 08:54:43 UTC] PHP   3. ProductDb->getDb() /home/ubuntu/workspace/tfg/lib/controller/ProductController.php:19
[07-May-2017 08:54:43 UTC] PHP   4. mysqli_error() /home/ubuntu/workspace/tfg/lib/model/db/ProductsDb.php:34
[07-May-2017 08:55:02 UTC] PHP Warning:  mysqli_error() expects parameter 1 to be mysqli, string given in /home/ubuntu/workspace/tfg/lib/model/db/ProductsDb.php on line 34
[07-May-2017 08:55:02 UTC] PHP Stack trace:
[07-May-2017 08:55:02 UTC] PHP   1. {main}() /home/ubuntu/workspace/tfg/public/Products/index.php:0
[07-May-2017 08:55:02 UTC] PHP   2. ProductController->getProducts() /home/ubuntu/workspace/tfg/public/Products/index.php:10
[07-May-2017 08:55:02 UTC] PHP   3. ProductDb->getDb() /home/ubuntu/workspace/tfg/lib/controller/ProductController.php:19
[07-May-2017 08:55:02 UTC] PHP   4. mysqli_error() /home/ubuntu/workspace/tfg/lib/model/db/ProductsDb.php:34
[07-May-2017 21:48:09 UTC] PHP Fatal error:  Call to undefined method Product::getDni() in /home/ubuntu/workspace/tfg/public/Products/update.php on line 37
[07-May-2017 21:48:09 UTC] PHP Stack trace:
[07-May-2017 21:48:09 UTC] PHP   1. {main}() /home/ubuntu/workspace/tfg/public/Products/update.php:0
[12-May-2017 08:23:02 UTC] PHP Warning:  include(/home/ubuntu/workspace/tfg/public/Products/../inc/header.php): failed to open stream: No such file or directory in /home/ubuntu/workspace/tfg/public/Products/index.php on line 18
[12-May-2017 08:23:02 UTC] PHP Stack trace:
[12-May-2017 08:23:02 UTC] PHP   1. {main}() /home/ubuntu/workspace/tfg/public/Products/index.php:0
[12-May-2017 08:23:02 UTC] PHP Warning:  include(): Failed opening '/home/ubuntu/workspace/tfg/public/Products/../inc/header.php' for inclusion (include_path='.:/usr/share/php:/usr/share/pear') in /home/ubuntu/workspace/tfg/public/Products/index.php on line 18
[12-May-2017 08:23:02 UTC] PHP Stack trace:
[12-May-2017 08:23:02 UTC] PHP   1. {main}() /home/ubuntu/workspace/tfg/public/Products/index.php:0
[12-May-2017 17:32:01 UTC] PHP Parse error:  syntax error, unexpected '"' in /home/ubuntu/workspace/tfg/public/Clients/detail.php on line 20
[12-May-2017 17:32:29 UTC] PHP Parse error:  syntax error, unexpected '"' in /home/ubuntu/workspace/tfg/public/Clients/detail.php on line 20
[12-May-2017 17:32:31 UTC] PHP Parse error:  syntax error, unexpected '"' in /home/ubuntu/workspace/tfg/public/Clients/detail.php on line 20
[12-May-2017 17:32:48 UTC] PHP Warning:  include(/home/ubuntu/workspace/tfg/public/Clients/resources/inc/footer.php): failed to open stream: No such file or directory in /home/ubuntu/workspace/tfg/public/Clients/update.php on line 88
[12-May-2017 17:32:48 UTC] PHP Stack trace:
[12-May-2017 17:32:48 UTC] PHP   1. {main}() /home/ubuntu/workspace/tfg/public/Clients/update.php:0
[12-May-2017 17:32:48 UTC] PHP Warning:  include(): Failed opening '/home/ubuntu/workspace/tfg/public/Clients/resources/inc/footer.php' for inclusion (include_path='.:/usr/share/php:/usr/share/pear') in /home/ubuntu/workspace/tfg/public/Clients/update.php on line 88
[12-May-2017 17:32:48 UTC] PHP Stack trace:
[12-May-2017 17:32:48 UTC] PHP   1. {main}() /home/ubuntu/workspace/tfg/public/Clients/update.php:0
[12-May-2017 17:33:12 UTC] PHP Warning:  include(/home/ubuntu/workspace/tfg/public/Clients/resources/inc/footer.php): failed to open stream: No such file or directory in /home/ubuntu/workspace/tfg/public/Clients/update.php on line 86
[12-May-2017 17:33:12 UTC] PHP Stack trace:
[12-May-2017 17:33:12 UTC] PHP   1. {main}() /home/ubuntu/workspace/tfg/public/Clients/update.php:0
[12-May-2017 17:33:12 UTC] PHP Warning:  include(): Failed opening '/home/ubuntu/workspace/tfg/public/Clients/resources/inc/footer.php' for inclusion (include_path='.:/usr/share/php:/usr/share/pear') in /home/ubuntu/workspace/tfg/public/Clients/update.php on line 86
[12-May-2017 17:33:12 UTC] PHP Stack trace:
[12-May-2017 17:33:12 UTC] PHP   1. {main}() /home/ubuntu/workspace/tfg/public/Clients/update.php:0
[21-May-2017 12:02:13 UTC] PHP Fatal error:  Call to undefined method Product::getName() in /home/ubuntu/workspace/tfg/public/Products/index.php on line 91
[21-May-2017 12:02:13 UTC] PHP Stack trace:
[21-May-2017 12:02:13 UTC] PHP   1. {main}() /home/ubuntu/workspace/tfg/public/Products/index.php:0
[03-Jun-2017 09:56:03 UTC] PHP Warning:  mysqli_num_rows() expects parameter 1 to be mysqli_result, boolean given in /home/ubuntu/workspace/tfg/lib/model/db/ProductsDb.php on line 144
[03-Jun-2017 09:56:03 UTC] PHP Stack trace:
[03-Jun-2017 09:56:03 UTC] PHP   1. {main}() /home/ubuntu/workspace/tfg/public/Products/detail.php:0
[03-Jun-2017 09:56:03 UTC] PHP   2. ProductController->getDetails() /home/ubuntu/workspace/tfg/public/Products/detail.php:9
[03-Jun-2017 09:56:03 UTC] PHP   3. ProductDb->generateDetails() /home/ubuntu/workspace/tfg/lib/controller/ProductController.php:28
[03-Jun-2017 09:56:03 UTC] PHP   4. mysqli_num_rows() /home/ubuntu/workspace/tfg/lib/model/db/ProductsDb.php:144
[03-Jun-2017 09:56:03 UTC] PHP Fatal error:  Call to a member function getBrand() on a non-object in /home/ubuntu/workspace/tfg/public/Products/detail.php on line 28
[03-Jun-2017 09:56:03 UTC] PHP Stack trace:
[03-Jun-2017 09:56:03 UTC] PHP   1. {main}() /home/ubuntu/workspace/tfg/public/Products/detail.php:0
[03-Jun-2017 09:56:43 UTC] PHP Warning:  mysqli_num_rows() expects parameter 1 to be mysqli_result, boolean given in /home/ubuntu/workspace/tfg/lib/model/db/ProductsDb.php on line 144
[03-Jun-2017 09:56:43 UTC] PHP Stack trace:
[03-Jun-2017 09:56:43 UTC] PHP   1. {main}() /home/ubuntu/workspace/tfg/public/Products/detail.php:0
[03-Jun-2017 09:56:43 UTC] PHP   2. ProductController->getDetails() /home/ubuntu/workspace/tfg/public/Products/detail.php:9
[03-Jun-2017 09:56:43 UTC] PHP   3. ProductDb->generateDetails() /home/ubuntu/workspace/tfg/lib/controller/ProductController.php:28
[03-Jun-2017 09:56:43 UTC] PHP   4. mysqli_num_rows() /home/ubuntu/workspace/tfg/lib/model/db/ProductsDb.php:144
[03-Jun-2017 09:56:43 UTC] PHP Fatal error:  Call to a member function getBrand() on a non-object in /home/ubuntu/workspace/tfg/public/Products/detail.php on line 28
[03-Jun-2017 09:56:43 UTC] PHP Stack trace:
[03-Jun-2017 09:56:43 UTC] PHP   1. {main}() /home/ubuntu/workspace/tfg/public/Products/detail.php:0
[04-Jun-2017 08:08:45 UTC] PHP Parse error:  syntax error, unexpected '"' in /home/ubuntu/workspace/tfg/public/Clients/detail.php on line 15
[04-Jun-2017 08:09:01 UTC] PHP Parse error:  syntax error, unexpected '"' in /home/ubuntu/workspace/tfg/public/Clients/detail.php on line 15
[10-Jun-2017 09:34:30 UTC] PHP Parse error:  syntax error, unexpected '"' in /home/ubuntu/workspace/tfg/public/Clients/update.php on line 13
[11-Jun-2017 18:50:32 UTC] PHP Warning:  log() expects parameter 1 to be double, string given in /home/ubuntu/workspace/tfg/public/Clients/detail.php on line 17
[11-Jun-2017 18:50:32 UTC] PHP Stack trace:
[11-Jun-2017 18:50:32 UTC] PHP   1. {main}() /home/ubuntu/workspace/tfg/public/Clients/detail.php:0
[11-Jun-2017 18:50:32 UTC] PHP   2. log() /home/ubuntu/workspace/tfg/public/Clients/detail.php:17
[11-Jun-2017 18:50:32 UTC] PHP Fatal error:  Call to a member function getId() on a non-object in /home/ubuntu/workspace/tfg/public/Clients/detail.php on line 39
[11-Jun-2017 18:50:32 UTC] PHP Stack trace:
[11-Jun-2017 18:50:32 UTC] PHP   1. {main}() /home/ubuntu/workspace/tfg/public/Clients/detail.php:0
[11-Jun-2017 18:50:52 UTC] PHP Warning:  log() expects parameter 1 to be double, string given in /home/ubuntu/workspace/tfg/public/Clients/detail.php on line 17
[11-Jun-2017 18:50:52 UTC] PHP Stack trace:
[11-Jun-2017 18:50:52 UTC] PHP   1. {main}() /home/ubuntu/workspace/tfg/public/Clients/detail.php:0
[11-Jun-2017 18:50:52 UTC] PHP   2. log() /home/ubuntu/workspace/tfg/public/Clients/detail.php:17
[11-Jun-2017 18:50:52 UTC] PHP Fatal error:  Call to a member function getId() on a non-object in /home/ubuntu/workspace/tfg/public/Clients/detail.php on line 39
[11-Jun-2017 18:50:52 UTC] PHP Stack trace:
[11-Jun-2017 18:50:52 UTC] PHP   1. {main}() /home/ubuntu/workspace/tfg/public/Clients/detail.php:0
[11-Jun-2017 18:51:36 UTC] PHP Fatal error:  Call to a member function getId() on a non-object in /home/ubuntu/workspace/tfg/public/Clients/detail.php on line 37
[11-Jun-2017 18:51:36 UTC] PHP Stack trace:
[11-Jun-2017 18:51:36 UTC] PHP   1. {main}() /home/ubuntu/workspace/tfg/public/Clients/detail.php:0
[11-Jun-2017 19:00:50 UTC] PHP Fatal error:  Call to a member function getId() on a non-object in /home/ubuntu/workspace/tfg/public/Clients/detail.php on line 37
[11-Jun-2017 19:00:50 UTC] PHP Stack trace:
[11-Jun-2017 19:00:50 UTC] PHP   1. {main}() /home/ubuntu/workspace/tfg/public/Clients/detail.php:0
[11-Jun-2017 19:01:42 UTC] PHP Fatal error:  Call to a member function getId() on a non-object in /home/ubuntu/workspace/tfg/public/Clients/detail.php on line 37
[11-Jun-2017 19:01:42 UTC] PHP Stack trace:
[11-Jun-2017 19:01:42 UTC] PHP   1. {main}() /home/ubuntu/workspace/tfg/public/Clients/detail.php:0
[11-Jun-2017 19:03:05 UTC] PHP Fatal error:  Call to a member function getId() on a non-object in /home/ubuntu/workspace/tfg/public/Clients/detail.php on line 37
[11-Jun-2017 19:03:05 UTC] PHP Stack trace:
[11-Jun-2017 19:03:05 UTC] PHP   1. {main}() /home/ubuntu/workspace/tfg/public/Clients/detail.php:0
[11-Jun-2017 19:13:10 UTC] PHP Fatal error:  Call to a member function getId() on a non-object in /home/ubuntu/workspace/tfg/public/Clients/detail.php on line 37
[11-Jun-2017 19:13:10 UTC] PHP Stack trace:
[11-Jun-2017 19:13:10 UTC] PHP   1. {main}() /home/ubuntu/workspace/tfg/public/Clients/detail.php:0
[11-Jun-2017 19:13:53 UTC] PHP Fatal error:  Call to a member function getId() on a non-object in /home/ubuntu/workspace/tfg/public/Clients/detail.php on line 37
[11-Jun-2017 19:13:53 UTC] PHP Stack trace:
[11-Jun-2017 19:13:53 UTC] PHP   1. {main}() /home/ubuntu/workspace/tfg/public/Clients/detail.php:0
[11-Jun-2017 19:16:33 UTC] PHP Fatal error:  Call to a member function getId() on a non-object in /home/ubuntu/workspace/tfg/public/Clients/detail.php on line 37
[11-Jun-2017 19:16:33 UTC] PHP Stack trace:
[11-Jun-2017 19:16:33 UTC] PHP   1. {main}() /home/ubuntu/workspace/tfg/public/Clients/detail.php:0
[11-Jun-2017 19:18:50 UTC] PHP Fatal error:  Call to a member function getId() on a non-object in /home/ubuntu/workspace/tfg/public/Clients/detail.php on line 37
[11-Jun-2017 19:18:50 UTC] PHP Stack trace:
[11-Jun-2017 19:18:50 UTC] PHP   1. {main}() /home/ubuntu/workspace/tfg/public/Clients/detail.php:0
[11-Jun-2017 19:20:14 UTC] PHP Fatal error:  Call to a member function getId() on a non-object in /home/ubuntu/workspace/tfg/public/Clients/detail.php on line 37
[11-Jun-2017 19:20:14 UTC] PHP Stack trace:
[11-Jun-2017 19:20:14 UTC] PHP   1. {main}() /home/ubuntu/workspace/tfg/public/Clients/detail.php:0
[11-Jun-2017 19:22:37 UTC] PHP Fatal error:  Call to undefined method ClientController::getClientDetails() in /home/ubuntu/workspace/tfg/public/Clients/detail.php on line 9
[11-Jun-2017 19:22:37 UTC] PHP Stack trace:
[11-Jun-2017 19:22:37 UTC] PHP   1. {main}() /home/ubuntu/workspace/tfg/public/Clients/detail.php:0
[11-Jun-2017 19:23:02 UTC] PHP Fatal error:  Call to a member function getName() on a non-object in /home/ubuntu/workspace/tfg/public/Clients/detail.php on line 15
[11-Jun-2017 19:23:02 UTC] PHP Stack trace:
[11-Jun-2017 19:23:02 UTC] PHP   1. {main}() /home/ubuntu/workspace/tfg/public/Clients/detail.php:0
[11-Jun-2017 19:23:25 UTC] PHP Fatal error:  Call to a member function getName() on a non-object in /home/ubuntu/workspace/tfg/public/Clients/detail.php on line 15
[11-Jun-2017 19:23:25 UTC] PHP Stack trace:
[11-Jun-2017 19:23:25 UTC] PHP   1. {main}() /home/ubuntu/workspace/tfg/public/Clients/detail.php:0
[16-Jun-2017 15:54:57 UTC] PHP Fatal error:  Call to a member function getId() on a non-object in /home/ubuntu/workspace/tfg/public/Products/index.php on line 68
[16-Jun-2017 15:54:57 UTC] PHP Stack trace:
[16-Jun-2017 15:54:57 UTC] PHP   1. {main}() /home/ubuntu/workspace/tfg/public/Products/index.php:0
[16-Jun-2017 17:20:41 UTC] PHP Fatal error:  Call to a member function getId() on a non-object in /home/ubuntu/workspace/tfg/public/Products/index.php on line 50
[16-Jun-2017 17:20:41 UTC] PHP Stack trace:
[16-Jun-2017 17:20:41 UTC] PHP   1. {main}() /home/ubuntu/workspace/tfg/public/Products/index.php:0
[16-Jun-2017 17:20:59 UTC] PHP Fatal error:  Call to a member function getId() on a non-object in /home/ubuntu/workspace/tfg/public/Products/index.php on line 17
[16-Jun-2017 17:20:59 UTC] PHP Stack trace:
[16-Jun-2017 17:20:59 UTC] PHP   1. {main}() /home/ubuntu/workspace/tfg/public/Products/index.php:0
[16-Jun-2017 17:21:02 UTC] PHP Fatal error:  Call to a member function getId() on a non-object in /home/ubuntu/workspace/tfg/public/Products/index.php on line 17
[16-Jun-2017 17:21:02 UTC] PHP Stack trace:
[16-Jun-2017 17:21:02 UTC] PHP   1. {main}() /home/ubuntu/workspace/tfg/public/Products/index.php:0
